1
0.9121180250003817
0.9128527619977831
0.9123058629993466
2
1.9156839860006585
1.9226576240034774
1.9175163639956736
4
3.62123087800137
4.2704004690021975
3.7219266870015417
8
7.446144383997307
7.133256904999143
7.145206262997817
16
13.968272865000472
14.972917867999058
14.160082372000034
32
28.401899028001935
27.933521052000287
28.12473014400166
64
55.277970037997875
55.984960153997235
56.345236447996285
128
111.09278447600082
110.87541274700197
112.66783587599639
256
222.744197480999
223.75118589099293
221.29382315999828
512
447.9920463910021
449.9571371310012
451.0891906800025
1024
nan
nan
nan
