1
3.2186148909968324
3.310909902000276
3.2344099569963873
2
6.721123870003794
6.720115379997878
6.817506921004679
4
13.12356969499524
13.20545961499738
13.515039110003272
8
28.48481400899618
26.790145864004444
26.50362626700371
16
51.37940787900152
52.003787007997744
51.248629018999054
32
103.62193291900621
102.73170534299425
109.01636515399878
64
210.52222409599926
206.16755567500513
206.0680844439994
128
414.51555332299904
414.09175939399574
412.10323728899675
256
815.6846709029996
826.7148404689942
838.041453455
512
nan
nan
nan
1024
nan
nan
nan
