1
0.5084070470002189
0.49443667300147354
0.49579575899770134
2
1.2163413839989516
1.1946089650009526
1.203452298999764
4
2.277494542999193
2.3162305269979697
2.274266720000014
8
4.414785924000171
4.496830053998565
4.415783909000311
16
8.839626408000186
9.000088207001681
9.102365448001365
32
17.630420276000223
17.97197660999882
17.577587684998434
64
35.18973705999815
34.59416597300151
35.09505083399927
128
70.24311035999926
69.27723864400105
72.26747470700138
256
138.52713047199722
146.27714768199803
139.59131991200047
512
276.19167989700145
276.4828795969988
272.16446033899774
1024
546.1070867150011
551.7902977640006
559.9895658789974
