1
0.21471543799998472
0.21764094600075623
0.2111600290008937
2
0.4120065729985072
0.4116920289998234
0.41240936599933775
4
0.7136777320010879
0.7147081410003011
0.7143221759979497
8
1.3251324630000454
1.3183895500005747
1.319909647001623
16
2.5264976670005126
2.5302007240024977
2.5373129890031123
32
5.174267239999608
4.9956492130004335
5.002628341000673
64
9.777788208000857
9.788063460000558
9.693797762000031
128
19.479419968000002
19.299030021000362
19.74072801500006
256
38.62315053700149
39.91615749199991
40.35103240299941
512
77.81760117199883
78.98931939300019
78.30912879500102
1024
156.73714133900285
158.97351088199866
165.6290741260018
