1
0.23552028799895197
0.23646729799656896
0.2358831720048329
2
0.2547889519992168
0.2602664360019844
0.25628766600129893
4
0.2644571819982957
0.26589596600388177
0.268128108997189
8
0.2874429110015626
0.2864291200021398
0.28921794099733233
16
0.3738063679993502
0.3711136499987333
0.37135235800087685
32
0.5403409060018021
0.542190179003228
0.5394207560020732
64
0.8710595079974155
0.8748543219990097
0.8655518200030201
128
1.5037337699977797
1.5011565309978323
1.501562011995702
256
2.804423699999461
2.8086247879982693
2.7889904890034813
512
5.382040291995509
5.354137583002739
5.388051560999884
1024
10.583906493004179
10.547367566003231
10.582655140002316
